Arguments: 
  C:\Program Files\nodejs\node.exe C:\Users\RODGER MANHATTAN\AppData\Roaming\npm\node_modules\yarn\bin\yarn.js add electron

PATH: 
  C:\ProgramData\Oracle\Java\javapath;C:\WINDOWS\system32;C:\WINDOWS;C:\WINDOWS\System32\Wbem;C:\WINDOWS\System32\WindowsPowerShell\v1.0\;C:\Program Files (x86)\Intel\OpenCL SDK\2.0\bin\x86;C:\Program Files (x86)\Intel\OpenCL SDK\2.0\bin\x64;C:\Program Files\Git\cmd;C:\Program Files (x86)\Brackets\command;C:\Program Files\nodejs\;C:\Program Files\Microsoft\Web Platform Installer\;C:\Users\RODGER MANHATTAN\AppData\Local\Microsoft\WindowsApps;C:\Program Files\Microsoft VS Code\bin;C:\Users\RODGER MANHATTAN\AppData\Roaming\npm;C:\Program Files\MongoDB\Server\3.4\bin;

Yarn version: 
  1.3.2

Node version: 
  8.9.1

Platform: 
  win32 x64

npm manifest: 
  {
    "name": "rog",
    "version": "1.0.0",
    "description": "",
    "main": "./electromain.js",
    "scripts": {
      "start": "electron .",
      "package": "electron-packager ./ SoundMachine --all --out ~/Desktop/SoundMachine --version 0.30.2 --overwrite --icon=./app/img/app-icon.icns"
    },
    "devDependencies": {
      "electron-packager": "^1.3.2",
      "electron-prebuilt": "^1.3.2"
    },
    "dependencies": {
      "nconf": "^0.7.2"
    },
    "author": "rodger",
    "license": "ISC"
  }

yarn manifest: 
  No manifest

Lockfile: 
  No lockfile

Trace: 
  Error: getaddrinfo ENOENT registry.yarnpkg.com:443
      at Object._errnoException (util.js:1024:11)
      at errnoException (dns.js:55:15)
      at GetAddrInfoReqWrap.onlookup [as oncomplete] (dns.js:92:26)
